<?xml version="1.0" encoding="UTF-8"?>
<testng-results ignored="0" total="1" passed="1" failed="0" skipped="0">
  <reporter-output>
  </reporter-output>
  <suite started-at="2021-08-27T00:29:51 PDT" name="Default suite" finished-at="2021-08-27T00:30:21 PDT" duration-ms="30125">
    <groups>
    </groups>
    <test started-at="2021-08-27T00:29:51 PDT" name="Default test" finished-at="2021-08-27T00:30:21 PDT" duration-ms="30125">
      <class name="testcases.Assessment_TC1">
        <test-method is-config="true" signature="setfilename()[pri:0, instance:testcases.Assessment_TC1@248e319b]" started-at="2021-08-27T00:29:51 PDT" name="setfilename" finished-at="2021-08-27T00:29:51 PDT" duration-ms="14" status="PASS">
          <reporter-output>
          </reporter-output>
        </test-method> <!-- setfilename -->
        <test-method is-config="true" signature="preCondition()[pri:0, instance:testcases.Assessment_TC1@248e319b]" started-at="2021-08-27T00:29:52 PDT" name="preCondition" finished-at="2021-08-27T00:29:55 PDT" duration-ms="3185" status="PASS">
          <reporter-output>
          </reporter-output>
        </test-method> <!-- preCondition -->
        <test-method signature="Assessment(java.lang.String)[pri:0, instance:testcases.Assessment_TC1@248e319b]" started-at="2021-08-27T00:29:55 PDT" name="Assessment" data-provider="fetchData" finished-at="2021-08-27T00:30:21 PDT" duration-ms="25753" status="PASS">
          <params>
            <param index="0">
              <value>
                <![CDATA[Call/Email/Meeting]]>
              </value>
            </param>
          </params>
          <reporter-output>
          </reporter-output>
        </test-method> <!-- Assessment -->
        <test-method is-config="true" signature="postCondition()[pri:0, instance:testcases.Assessment_TC1@248e319b]" started-at="2021-08-27T00:30:21 PDT" name="postCondition" finished-at="2021-08-27T00:30:21 PDT" duration-ms="134" status="PASS">
          <reporter-output>
          </reporter-output>
        </test-method> <!-- postCondition -->
      </class> <!-- testcases.Assessment_TC1 -->
    </test> <!-- Default test -->
  </suite> <!-- Default suite -->
</testng-results>
